ERROR: In /build/buildd/vtk-5.8.0/IO/vtkOBJReader.cxx, line 126
vtkOBJReader (0x25cf230): File /home/jakeware/Dropbox/MIT/classes/6.832/project/quadrotor_base.obj not found

ERROR: In /build/buildd/vtk-5.8.0/Filtering/vtkExecutive.cxx, line 756
vtkStreamingDemandDrivenPipeline (0x25cf990): Algorithm vtkOBJReader(0x25cf230) returned failure for request: vtkInformation (0x25d1380)
  Debug: Off
  Modified Time: 12766
  Reference Count: 1
  Registered Events: (none)
  Request: REQUEST_DATA
  FROM_OUTPUT_PORT: 0
  FORWARD_DIRECTION: 0
  ALGORITHM_AFTER_FORWARD: 1



ERROR: In /build/buildd/vtk-5.8.0/Graphics/vtkTransformPolyDataFilter.cxx, line 84
vtkTransformPolyDataFilter (0x25cf380): No input data

ERROR: In /build/buildd/vtk-5.8.0/Graphics/vtkTransformPolyDataFilter.cxx, line 84
vtkTransformPolyDataFilter (0x25d43d0): No input data

ERROR: In /build/buildd/vtk-5.8.0/IO/vtkOBJReader.cxx, line 126
vtkOBJReader (0x265f3d0): File /home/jakeware/Dropbox/MIT/classes/6.832/project/quadrotor_base.obj not found

ERROR: In /build/buildd/vtk-5.8.0/Filtering/vtkExecutive.cxx, line 756
vtkStreamingDemandDrivenPipeline (0x25cdb00): Algorithm vtkOBJReader(0x265f3d0) returned failure for request: vtkInformation (0x26d3aa0)
  Debug: Off
  Modified Time: 155644
  Reference Count: 1
  Registered Events: (none)
  Request: REQUEST_DATA
  FROM_OUTPUT_PORT: 0
  FORWARD_DIRECTION: 0
  ALGORITHM_AFTER_FORWARD: 1



ERROR: In /build/buildd/vtk-5.8.0/Graphics/vtkTransformPolyDataFilter.cxx, line 84
vtkTransformPolyDataFilter (0x2678eb0): No input data

ERROR: In /build/buildd/vtk-5.8.0/Graphics/vtkTransformPolyDataFilter.cxx, line 84
vtkTransformPolyDataFilter (0x26794d0): No input data

ERROR: In /build/buildd/vtk-5.8.0/IO/vtkOBJReader.cxx, line 126
vtkOBJReader (0x25e9660): File /home/jakeware/Dropbox/MIT/classes/6.832/project/quadrotor_base.obj not found

ERROR: In /build/buildd/vtk-5.8.0/Filtering/vtkExecutive.cxx, line 756
vtkStreamingDemandDrivenPipeline (0x2505f80): Algorithm vtkOBJReader(0x25e9660) returned failure for request: vtkInformation (0x2b9b890)
  Debug: Off
  Modified Time: 365562
  Reference Count: 1
  Registered Events: (none)
  Request: REQUEST_DATA
  FROM_OUTPUT_PORT: 0
  FORWARD_DIRECTION: 0
  ALGORITHM_AFTER_FORWARD: 1



ERROR: In /build/buildd/vtk-5.8.0/Graphics/vtkTransformPolyDataFilter.cxx, line 84
vtkTransformPolyDataFilter (0x25e9660): No input data

ERROR: In /build/buildd/vtk-5.8.0/Graphics/vtkTransformPolyDataFilter.cxx, line 84
vtkTransformPolyDataFilter (0x25f3740): No input data

ERROR: In /build/buildd/vtk-5.8.0/IO/vtkOBJReader.cxx, line 126
vtkOBJReader (0x25e9660): File /home/jakeware/Dropbox/MIT/classes/6.832/project/quadrotor_base.obj not found

ERROR: In /build/buildd/vtk-5.8.0/Filtering/vtkExecutive.cxx, line 756
vtkStreamingDemandDrivenPipeline (0x265cd80): Algorithm vtkOBJReader(0x25e9660) returned failure for request: vtkInformation (0x2b9b890)
  Debug: Off
  Modified Time: 440099
  Reference Count: 1
  Registered Events: (none)
  Request: REQUEST_DATA
  FROM_OUTPUT_PORT: 0
  FORWARD_DIRECTION: 0
  ALGORITHM_AFTER_FORWARD: 1



ERROR: In /build/buildd/vtk-5.8.0/Graphics/vtkTransformPolyDataFilter.cxx, line 84
vtkTransformPolyDataFilter (0x250c800): No input data

ERROR: In /build/buildd/vtk-5.8.0/Graphics/vtkTransformPolyDataFilter.cxx, line 84
vtkTransformPolyDataFilter (0x2a5a5c0): No input data

ERROR: In /build/buildd/vtk-5.8.0/IO/vtkOBJReader.cxx, line 126
vtkOBJReader (0x26d0c70): File /home/jakeware/Dropbox/MIT/classes/6.832/project/quadrotor_base.obj not found

ERROR: In /build/buildd/vtk-5.8.0/Filtering/vtkExecutive.cxx, line 756
vtkStreamingDemandDrivenPipeline (0x2b73310): Algorithm vtkOBJReader(0x26d0c70) returned failure for request: vtkInformation (0x25f5660)
  Debug: Off
  Modified Time: 479293
  Reference Count: 1
  Registered Events: (none)
  Request: REQUEST_DATA
  FROM_OUTPUT_PORT: 0
  FORWARD_DIRECTION: 0
  ALGORITHM_AFTER_FORWARD: 1



ERROR: In /build/buildd/vtk-5.8.0/Graphics/vtkTransformPolyDataFilter.cxx, line 84
vtkTransformPolyDataFilter (0x26d0c70): No input data

ERROR: In /build/buildd/vtk-5.8.0/Graphics/vtkTransformPolyDataFilter.cxx, line 84
vtkTransformPolyDataFilter (0x2b01800): No input data

ERROR: In /build/buildd/vtk-5.8.0/IO/vtkOBJReader.cxx, line 126
vtkOBJReader (0x26747a0): File /home/jakeware/Dropbox/MIT/classes/6.832/project/quadrotor_base.obj not found

ERROR: In /build/buildd/vtk-5.8.0/Filtering/vtkExecutive.cxx, line 756
vtkStreamingDemandDrivenPipeline (0x25f3e90): Algorithm vtkOBJReader(0x26747a0) returned failure for request: vtkInformation (0x2b9b890)
  Debug: Off
  Modified Time: 585210
  Reference Count: 1
  Registered Events: (none)
  Request: REQUEST_DATA
  FROM_OUTPUT_PORT: 0
  FORWARD_DIRECTION: 0
  ALGORITHM_AFTER_FORWARD: 1



ERROR: In /build/buildd/vtk-5.8.0/Graphics/vtkTransformPolyDataFilter.cxx, line 84
vtkTransformPolyDataFilter (0x26747a0): No input data

ERROR: In /build/buildd/vtk-5.8.0/Graphics/vtkTransformPolyDataFilter.cxx, line 84
vtkTransformPolyDataFilter (0x25f93f0): No input data

ERROR: In /build/buildd/vtk-5.8.0/IO/vtkOBJReader.cxx, line 126
vtkOBJReader (0x25e4f90): File /home/jakeware/Dropbox/MIT/classes/6.832/project/quadrotor_base.obj not found

ERROR: In /build/buildd/vtk-5.8.0/Filtering/vtkExecutive.cxx, line 756
vtkStreamingDemandDrivenPipeline (0x230bd30): Algorithm vtkOBJReader(0x25e4f90) returned failure for request: vtkInformation (0x22ef9f0)
  Debug: Off
  Modified Time: 832704
  Reference Count: 1
  Registered Events: (none)
  Request: REQUEST_DATA
  FROM_OUTPUT_PORT: 0
  FORWARD_DIRECTION: 0
  ALGORITHM_AFTER_FORWARD: 1



ERROR: In /build/buildd/vtk-5.8.0/Graphics/vtkTransformPolyDataFilter.cxx, line 84
vtkTransformPolyDataFilter (0x26d5e70): No input data

ERROR: In /build/buildd/vtk-5.8.0/Graphics/vtkTransformPolyDataFilter.cxx, line 84
vtkTransformPolyDataFilter (0x25f3740): No input data

ERROR: In /build/buildd/vtk-5.8.0/IO/vtkOBJReader.cxx, line 126
vtkOBJReader (0x2a5a5c0): File /home/jakeware/Dropbox/MIT/classes/6.832/project/quadrotor_base.obj not found

ERROR: In /build/buildd/vtk-5.8.0/Filtering/vtkExecutive.cxx, line 756
vtkStreamingDemandDrivenPipeline (0x26d5a70): Algorithm vtkOBJReader(0x2a5a5c0) returned failure for request: vtkInformation (0x2b29e60)
  Debug: Off
  Modified Time: 1130601
  Reference Count: 1
  Registered Events: (none)
  Request: REQUEST_DATA
  FROM_OUTPUT_PORT: 0
  FORWARD_DIRECTION: 0
  ALGORITHM_AFTER_FORWARD: 1



ERROR: In /build/buildd/vtk-5.8.0/Graphics/vtkTransformPolyDataFilter.cxx, line 84
vtkTransformPolyDataFilter (0x26582a0): No input data

ERROR: In /build/buildd/vtk-5.8.0/Graphics/vtkTransformPolyDataFilter.cxx, line 84
vtkTransformPolyDataFilter (0x2a3c490): No input data

ERROR: In /build/buildd/vtk-5.8.0/IO/vtkOBJReader.cxx, line 126
vtkOBJReader (0x26d0c70): File /home/jakeware/Dropbox/MIT/classes/6.832/project/quadrotor_base.obj not found

ERROR: In /build/buildd/vtk-5.8.0/Filtering/vtkExecutive.cxx, line 756
vtkStreamingDemandDrivenPipeline (0x25d1a30): Algorithm vtkOBJReader(0x26d0c70) returned failure for request: vtkInformation (0x2bc6630)
  Debug: Off
  Modified Time: 1174277
  Reference Count: 1
  Registered Events: (none)
  Request: REQUEST_DATA
  FROM_OUTPUT_PORT: 0
  FORWARD_DIRECTION: 0
  ALGORITHM_AFTER_FORWARD: 1



ERROR: In /build/buildd/vtk-5.8.0/Graphics/vtkTransformPolyDataFilter.cxx, line 84
vtkTransformPolyDataFilter (0x29409d0): No input data

ERROR: In /build/buildd/vtk-5.8.0/Graphics/vtkTransformPolyDataFilter.cxx, line 84
vtkTransformPolyDataFilter (0x25e0da0): No input data

ERROR: In /build/buildd/vtk-5.8.0/IO/vtkOBJReader.cxx, line 126
vtkOBJReader (0x297e260): File /home/jakeware/Dropbox/MIT/classes/6.832/project/quadrotor_base.obj not found

ERROR: In /build/buildd/vtk-5.8.0/Filtering/vtkExecutive.cxx, line 756
vtkStreamingDemandDrivenPipeline (0x26d3a60): Algorithm vtkOBJReader(0x297e260) returned failure for request: vtkInformation (0x2b96330)
  Debug: Off
  Modified Time: 1411908
  Reference Count: 1
  Registered Events: (none)
  Request: REQUEST_DATA
  FROM_OUTPUT_PORT: 0
  FORWARD_DIRECTION: 0
  ALGORITHM_AFTER_FORWARD: 1



ERROR: In /build/buildd/vtk-5.8.0/Graphics/vtkTransformPolyDataFilter.cxx, line 84
vtkTransformPolyDataFilter (0x25e6930): No input data

ERROR: In /build/buildd/vtk-5.8.0/Graphics/vtkTransformPolyDataFilter.cxx, line 84
vtkTransformPolyDataFilter (0x25f93f0): No input data

ERROR: In /build/buildd/vtk-5.8.0/IO/vtkOBJReader.cxx, line 126
vtkOBJReader (0x26d40d0): File /home/jakeware/Dropbox/MIT/classes/6.832/project/quadrotor_base.obj not found

ERROR: In /build/buildd/vtk-5.8.0/Filtering/vtkExecutive.cxx, line 756
vtkStreamingDemandDrivenPipeline (0x26450b0): Algorithm vtkOBJReader(0x26d40d0) returned failure for request: vtkInformation (0x2d90000)
  Debug: Off
  Modified Time: 1461907
  Reference Count: 1
  Registered Events: (none)
  Request: REQUEST_DATA
  FROM_OUTPUT_PORT: 0
  FORWARD_DIRECTION: 0
  ALGORITHM_AFTER_FORWARD: 1



ERROR: In /build/buildd/vtk-5.8.0/Graphics/vtkTransformPolyDataFilter.cxx, line 84
vtkTransformPolyDataFilter (0x2a3a110): No input data

ERROR: In /build/buildd/vtk-5.8.0/Graphics/vtkTransformPolyDataFilter.cxx, line 84
vtkTransformPolyDataFilter (0x2d93bc0): No input data

ERROR: In /build/buildd/vtk-5.8.0/IO/vtkOBJReader.cxx, line 126
vtkOBJReader (0x25e9660): File /home/jakeware/Dropbox/MIT/classes/6.832/project/quadrotor_base.obj not found

ERROR: In /build/buildd/vtk-5.8.0/Filtering/vtkExecutive.cxx, line 756
vtkStreamingDemandDrivenPipeline (0x2bac640): Algorithm vtkOBJReader(0x25e9660) returned failure for request: vtkInformation (0x2a4ab90)
  Debug: Off
  Modified Time: 1649298
  Reference Count: 1
  Registered Events: (none)
  Request: REQUEST_DATA
  FROM_OUTPUT_PORT: 0
  FORWARD_DIRECTION: 0
  ALGORITHM_AFTER_FORWARD: 1



ERROR: In /build/buildd/vtk-5.8.0/Graphics/vtkTransformPolyDataFilter.cxx, line 84
vtkTransformPolyDataFilter (0x2a2ce50): No input data

ERROR: In /build/buildd/vtk-5.8.0/Graphics/vtkTransformPolyDataFilter.cxx, line 84
vtkTransformPolyDataFilter (0x2bb4ad0): No input data

ERROR: In /build/buildd/vtk-5.8.0/IO/vtkOBJReader.cxx, line 126
vtkOBJReader (0x263ecb0): File /home/jakeware/Dropbox/MIT/classes/6.832/project/quadrotor_base.obj not found

ERROR: In /build/buildd/vtk-5.8.0/Filtering/vtkExecutive.cxx, line 756
vtkStreamingDemandDrivenPipeline (0x2e3fae0): Algorithm vtkOBJReader(0x263ecb0) returned failure for request: vtkInformation (0x2a5b650)
  Debug: Off
  Modified Time: 2080581
  Reference Count: 1
  Registered Events: (none)
  Request: REQUEST_DATA
  FROM_OUTPUT_PORT: 0
  FORWARD_DIRECTION: 0
  ALGORITHM_AFTER_FORWARD: 1



ERROR: In /build/buildd/vtk-5.8.0/Graphics/vtkTransformPolyDataFilter.cxx, line 84
vtkTransformPolyDataFilter (0x2db9f80): No input data

ERROR: In /build/buildd/vtk-5.8.0/Graphics/vtkTransformPolyDataFilter.cxx, line 84
vtkTransformPolyDataFilter (0x265cdb0): No input data

ERROR: In /build/buildd/vtk-5.8.0/IO/vtkOBJReader.cxx, line 126
vtkOBJReader (0x297d980): File /home/jakeware/Dropbox/MIT/classes/6.832/project/quadrotor_base.obj not found

ERROR: In /build/buildd/vtk-5.8.0/Filtering/vtkExecutive.cxx, line 756
vtkStreamingDemandDrivenPipeline (0x26d0c40): Algorithm vtkOBJReader(0x297d980) returned failure for request: vtkInformation (0x26d3750)
  Debug: Off
  Modified Time: 2216833
  Reference Count: 1
  Registered Events: (none)
  Request: REQUEST_DATA
  FROM_OUTPUT_PORT: 0
  FORWARD_DIRECTION: 0
  ALGORITHM_AFTER_FORWARD: 1



ERROR: In /build/buildd/vtk-5.8.0/Graphics/vtkTransformPolyDataFilter.cxx, line 84
vtkTransformPolyDataFilter (0x2a5a5c0): No input data

ERROR: In /build/buildd/vtk-5.8.0/Graphics/vtkTransformPolyDataFilter.cxx, line 84
vtkTransformPolyDataFilter (0x2bc8c00): No input data

ERROR: In /build/buildd/vtk-5.8.0/IO/vtkOBJReader.cxx, line 126
vtkOBJReader (0x2a5a5c0): File /home/jakeware/Dropbox/MIT/classes/6.832/project/quadrotor_base.obj not found

ERROR: In /build/buildd/vtk-5.8.0/Filtering/vtkExecutive.cxx, line 756
vtkStreamingDemandDrivenPipeline (0x2664e70): Algorithm vtkOBJReader(0x2a5a5c0) returned failure for request: vtkInformation (0x2e3e0b0)
  Debug: Off
  Modified Time: 2254450
  Reference Count: 1
  Registered Events: (none)
  Request: REQUEST_DATA
  FROM_OUTPUT_PORT: 0
  FORWARD_DIRECTION: 0
  ALGORITHM_AFTER_FORWARD: 1



ERROR: In /build/buildd/vtk-5.8.0/Graphics/vtkTransformPolyDataFilter.cxx, line 84
vtkTransformPolyDataFilter (0x2d93bc0): No input data

ERROR: In /build/buildd/vtk-5.8.0/Graphics/vtkTransformPolyDataFilter.cxx, line 84
vtkTransformPolyDataFilter (0x2a5a5c0): No input data

ERROR: In /build/buildd/vtk-5.8.0/IO/vtkOBJReader.cxx, line 126
vtkOBJReader (0x297d980): File /home/jakeware/Dropbox/MIT/classes/6.832/project/quadrotor_base.obj not found

ERROR: In /build/buildd/vtk-5.8.0/Filtering/vtkExecutive.cxx, line 756
vtkStreamingDemandDrivenPipeline (0x2a597c0): Algorithm vtkOBJReader(0x297d980) returned failure for request: vtkInformation (0x2ae6b80)
  Debug: Off
  Modified Time: 2298228
  Reference Count: 1
  Registered Events: (none)
  Request: REQUEST_DATA
  FROM_OUTPUT_PORT: 0
  FORWARD_DIRECTION: 0
  ALGORITHM_AFTER_FORWARD: 1



ERROR: In /build/buildd/vtk-5.8.0/Graphics/vtkTransformPolyDataFilter.cxx, line 84
vtkTransformPolyDataFilter (0x2e4dd00): No input data

ERROR: In /build/buildd/vtk-5.8.0/Graphics/vtkTransformPolyDataFilter.cxx, line 84
vtkTransformPolyDataFilter (0x25b1a50): No input data

ERROR: In /build/buildd/vtk-5.8.0/IO/vtkOBJReader.cxx, line 126
vtkOBJReader (0x25b1a50): File /home/jakeware/Dropbox/MIT/classes/6.832/project/quadrotor_base.obj not found

ERROR: In /build/buildd/vtk-5.8.0/Filtering/vtkExecutive.cxx, line 756
vtkStreamingDemandDrivenPipeline (0x2354810): Algorithm vtkOBJReader(0x25b1a50) returned failure for request: vtkInformation (0x2e46560)
  Debug: Off
  Modified Time: 2348185
  Reference Count: 1
  Registered Events: (none)
  Request: REQUEST_DATA
  FROM_OUTPUT_PORT: 0
  FORWARD_DIRECTION: 0
  ALGORITHM_AFTER_FORWARD: 1



ERROR: In /build/buildd/vtk-5.8.0/Graphics/vtkTransformPolyDataFilter.cxx, line 84
vtkTransformPolyDataFilter (0x2ab03d0): No input data

ERROR: In /build/buildd/vtk-5.8.0/Graphics/vtkTransformPolyDataFilter.cxx, line 84
vtkTransformPolyDataFilter (0x2e4c0c0): No input data

ERROR: In /build/buildd/vtk-5.8.0/IO/vtkOBJReader.cxx, line 126
vtkOBJReader (0x26534a0): File /home/jakeware/Dropbox/MIT/classes/6.832/project/quadrotor_base.obj not found

ERROR: In /build/buildd/vtk-5.8.0/Filtering/vtkExecutive.cxx, line 756
vtkStreamingDemandDrivenPipeline (0x2b37f60): Algorithm vtkOBJReader(0x26534a0) returned failure for request: vtkInformation (0x2faae10)
  Debug: Off
  Modified Time: 2762758
  Reference Count: 1
  Registered Events: (none)
  Request: REQUEST_DATA
  FROM_OUTPUT_PORT: 0
  FORWARD_DIRECTION: 0
  ALGORITHM_AFTER_FORWARD: 1



ERROR: In /build/buildd/vtk-5.8.0/Graphics/vtkTransformPolyDataFilter.cxx, line 84
vtkTransformPolyDataFilter (0x3076a00): No input data

ERROR: In /build/buildd/vtk-5.8.0/Graphics/vtkTransformPolyDataFilter.cxx, line 84
vtkTransformPolyDataFilter (0x26c64a0): No input data

ERROR: In /build/buildd/vtk-5.8.0/IO/vtkOBJReader.cxx, line 126
vtkOBJReader (0x2bcad00): File /home/jakeware/Dropbox/MIT/classes/6.832/project/quadrotor_base.obj not found

ERROR: In /build/buildd/vtk-5.8.0/Filtering/vtkExecutive.cxx, line 756
vtkStreamingDemandDrivenPipeline (0x2a375c0): Algorithm vtkOBJReader(0x2bcad00) returned failure for request: vtkInformation (0x2665f50)
  Debug: Off
  Modified Time: 2813431
  Reference Count: 1
  Registered Events: (none)
  Request: REQUEST_DATA
  FROM_OUTPUT_PORT: 0
  FORWARD_DIRECTION: 0
  ALGORITHM_AFTER_FORWARD: 1



ERROR: In /build/buildd/vtk-5.8.0/Graphics/vtkTransformPolyDataFilter.cxx, line 84
vtkTransformPolyDataFilter (0x29409d0): No input data

ERROR: In /build/buildd/vtk-5.8.0/Graphics/vtkTransformPolyDataFilter.cxx, line 84
vtkTransformPolyDataFilter (0x29409d0): No input data

ERROR: In /build/buildd/vtk-5.8.0/IO/vtkOBJReader.cxx, line 126
vtkOBJReader (0x2cfa710): File /home/jakeware/Dropbox/MIT/classes/6.832/project/quadrotor_base.obj not found

ERROR: In /build/buildd/vtk-5.8.0/Filtering/vtkExecutive.cxx, line 756
vtkStreamingDemandDrivenPipeline (0x263eb30): Algorithm vtkOBJReader(0x2cfa710) returned failure for request: vtkInformation (0x2bcb9a0)
  Debug: Off
  Modified Time: 2867784
  Reference Count: 1
  Registered Events: (none)
  Request: REQUEST_DATA
  FROM_OUTPUT_PORT: 0
  FORWARD_DIRECTION: 0
  ALGORITHM_AFTER_FORWARD: 1



ERROR: In /build/buildd/vtk-5.8.0/Graphics/vtkTransformPolyDataFilter.cxx, line 84
vtkTransformPolyDataFilter (0x2647570): No input data

ERROR: In /build/buildd/vtk-5.8.0/Graphics/vtkTransformPolyDataFilter.cxx, line 84
vtkTransformPolyDataFilter (0x2656160): No input data

ERROR: In /build/buildd/vtk-5.8.0/IO/vtkOBJReader.cxx, line 126
vtkOBJReader (0x2cfa710): File /home/jakeware/Dropbox/MIT/classes/6.832/project/quadrotor_base.obj not found

ERROR: In /build/buildd/vtk-5.8.0/Filtering/vtkExecutive.cxx, line 756
vtkStreamingDemandDrivenPipeline (0x25f1ab0): Algorithm vtkOBJReader(0x2cfa710) returned failure for request: vtkInformation (0x2a58a90)
  Debug: Off
  Modified Time: 2898194
  Reference Count: 1
  Registered Events: (none)
  Request: REQUEST_DATA
  FROM_OUTPUT_PORT: 0
  FORWARD_DIRECTION: 0
  ALGORITHM_AFTER_FORWARD: 1



ERROR: In /build/buildd/vtk-5.8.0/Graphics/vtkTransformPolyDataFilter.cxx, line 84
vtkTransformPolyDataFilter (0x26c2fb0): No input data

ERROR: In /build/buildd/vtk-5.8.0/Graphics/vtkTransformPolyDataFilter.cxx, line 84
vtkTransformPolyDataFilter (0x3078640): No input data

ERROR: In /build/buildd/vtk-5.8.0/IO/vtkOBJReader.cxx, line 126
vtkOBJReader (0x2a5a5c0): File /home/jakeware/Dropbox/MIT/classes/6.832/project/quadrotor_base.obj not found

ERROR: In /build/buildd/vtk-5.8.0/Filtering/vtkExecutive.cxx, line 756
vtkStreamingDemandDrivenPipeline (0x265e300): Algorithm vtkOBJReader(0x2a5a5c0) returned failure for request: vtkInformation (0x2cf9e80)
  Debug: Off
  Modified Time: 2991184
  Reference Count: 1
  Registered Events: (none)
  Request: REQUEST_DATA
  FROM_OUTPUT_PORT: 0
  FORWARD_DIRECTION: 0
  ALGORITHM_AFTER_FORWARD: 1



ERROR: In /build/buildd/vtk-5.8.0/Graphics/vtkTransformPolyDataFilter.cxx, line 84
vtkTransformPolyDataFilter (0x2e4dd00): No input data

ERROR: In /build/buildd/vtk-5.8.0/Graphics/vtkTransformPolyDataFilter.cxx, line 84
vtkTransformPolyDataFilter (0x29409d0): No input data

ERROR: In /build/buildd/vtk-5.8.0/IO/vtkOBJReader.cxx, line 126
vtkOBJReader (0x2a57d60): File /home/jakeware/Dropbox/MIT/classes/6.832/project/quadrotor_base.obj not found

ERROR: In /build/buildd/vtk-5.8.0/Filtering/vtkExecutive.cxx, line 756
vtkStreamingDemandDrivenPipeline (0x2db2d10): Algorithm vtkOBJReader(0x2a57d60) returned failure for request: vtkInformation (0x26c2780)
  Debug: Off
  Modified Time: 3044883
  Reference Count: 1
  Registered Events: (none)
  Request: REQUEST_DATA
  FROM_OUTPUT_PORT: 0
  FORWARD_DIRECTION: 0
  ALGORITHM_AFTER_FORWARD: 1



ERROR: In /build/buildd/vtk-5.8.0/Graphics/vtkTransformPolyDataFilter.cxx, line 84
vtkTransformPolyDataFilter (0x25d4d50): No input data

ERROR: In /build/buildd/vtk-5.8.0/Graphics/vtkTransformPolyDataFilter.cxx, line 84
vtkTransformPolyDataFilter (0x265c7f0): No input data

ERROR: In /build/buildd/vtk-5.8.0/IO/vtkOBJReader.cxx, line 126
vtkOBJReader (0x25d5bc0): File /home/jakeware/Dropbox/MIT/classes/6.832/project/quadrotor_base.obj not found

ERROR: In /build/buildd/vtk-5.8.0/Filtering/vtkExecutive.cxx, line 756
vtkStreamingDemandDrivenPipeline (0x2b29cf0): Algorithm vtkOBJReader(0x25d5bc0) returned failure for request: vtkInformation (0x2a59730)
  Debug: Off
  Modified Time: 3081832
  Reference Count: 1
  Registered Events: (none)
  Request: REQUEST_DATA
  FROM_OUTPUT_PORT: 0
  FORWARD_DIRECTION: 0
  ALGORITHM_AFTER_FORWARD: 1



ERROR: In /build/buildd/vtk-5.8.0/Graphics/vtkTransformPolyDataFilter.cxx, line 84
vtkTransformPolyDataFilter (0x2640e60): No input data

ERROR: In /build/buildd/vtk-5.8.0/Graphics/vtkTransformPolyDataFilter.cxx, line 84
vtkTransformPolyDataFilter (0x3076a00): No input data

ERROR: In /build/buildd/vtk-5.8.0/IO/vtkOBJReader.cxx, line 126
vtkOBJReader (0x25d5bc0): File /home/jakeware/Dropbox/MIT/classes/6.832/project/quadrotor_base.obj not found

ERROR: In /build/buildd/vtk-5.8.0/Filtering/vtkExecutive.cxx, line 756
vtkStreamingDemandDrivenPipeline (0x2d22970): Algorithm vtkOBJReader(0x25d5bc0) returned failure for request: vtkInformation (0x2bc65b0)
  Debug: Off
  Modified Time: 3334167
  Reference Count: 1
  Registered Events: (none)
  Request: REQUEST_DATA
  FROM_OUTPUT_PORT: 0
  FORWARD_DIRECTION: 0
  ALGORITHM_AFTER_FORWARD: 1



ERROR: In /build/buildd/vtk-5.8.0/Graphics/vtkTransformPolyDataFilter.cxx, line 84
vtkTransformPolyDataFilter (0x2e4c0c0): No input data

ERROR: In /build/buildd/vtk-5.8.0/Graphics/vtkTransformPolyDataFilter.cxx, line 84
vtkTransformPolyDataFilter (0x2a3a110): No input data

ERROR: In /build/buildd/vtk-5.8.0/IO/vtkOBJReader.cxx, line 126
vtkOBJReader (0x2a3a110): File /home/jakeware/Dropbox/MIT/classes/6.832/project/quadrotor_base.obj not found

ERROR: In /build/buildd/vtk-5.8.0/Filtering/vtkExecutive.cxx, line 756
vtkStreamingDemandDrivenPipeline (0x2664e70): Algorithm vtkOBJReader(0x2a3a110) returned failure for request: vtkInformation (0x2bc6630)
  Debug: Off
  Modified Time: 3499860
  Reference Count: 1
  Registered Events: (none)
  Request: REQUEST_DATA
  FROM_OUTPUT_PORT: 0
  FORWARD_DIRECTION: 0
  ALGORITHM_AFTER_FORWARD: 1



ERROR: In /build/buildd/vtk-5.8.0/Graphics/vtkTransformPolyDataFilter.cxx, line 84
vtkTransformPolyDataFilter (0x25ddc90): No input data

ERROR: In /build/buildd/vtk-5.8.0/Graphics/vtkTransformPolyDataFilter.cxx, line 84
vtkTransformPolyDataFilter (0x2bc8c00): No input data

