ERROR: In /build/buildd/vtk-5.8.0/IO/vtkOBJReader.cxx, line 126
vtkOBJReader (0x3144b50): File /home/mav/Dropbox/MIT/classes/6.832/project/wall_dodge/quadrotor_base.obj not found

ERROR: In /build/buildd/vtk-5.8.0/Filtering/vtkExecutive.cxx, line 756
vtkStreamingDemandDrivenPipeline (0x31452b0): Algorithm vtkOBJReader(0x3144b50) returned failure for request: vtkInformation (0x3146cb0)
  Debug: Off
  Modified Time: 13951
  Reference Count: 1
  Registered Events: (none)
  Request: REQUEST_DATA
  FORWARD_DIRECTION: 0
  FROM_OUTPUT_PORT: 0
  ALGORITHM_AFTER_FORWARD: 1



ERROR: In /build/buildd/vtk-5.8.0/Graphics/vtkTransformPolyDataFilter.cxx, line 84
vtkTransformPolyDataFilter (0x3144e50): No input data

ERROR: In /build/buildd/vtk-5.8.0/Graphics/vtkTransformPolyDataFilter.cxx, line 84
vtkTransformPolyDataFilter (0x3149e00): No input data

ERROR: In /build/buildd/vtk-5.8.0/IO/vtkOBJReader.cxx, line 126
vtkOBJReader (0x3331d10): File /home/mav/Dropbox/MIT/classes/6.832/project/wall_dodge/quadrotor_base.obj not found

ERROR: In /build/buildd/vtk-5.8.0/Filtering/vtkExecutive.cxx, line 756
vtkStreamingDemandDrivenPipeline (0x319b170): Algorithm vtkOBJReader(0x3331d10) returned failure for request: vtkInformation (0x319b230)
  Debug: Off
  Modified Time: 36047
  Reference Count: 1
  Registered Events: (none)
  Request: REQUEST_DATA
  FORWARD_DIRECTION: 0
  FROM_OUTPUT_PORT: 0
  ALGORITHM_AFTER_FORWARD: 1



ERROR: In /build/buildd/vtk-5.8.0/Graphics/vtkTransformPolyDataFilter.cxx, line 84
vtkTransformPolyDataFilter (0x3331d10): No input data

ERROR: In /build/buildd/vtk-5.8.0/Graphics/vtkTransformPolyDataFilter.cxx, line 84
vtkTransformPolyDataFilter (0x313bfc0): No input data

ERROR: In /build/buildd/vtk-5.8.0/IO/vtkOBJReader.cxx, line 126
vtkOBJReader (0x3127140): File /home/mav/Dropbox/MIT/classes/6.832/project/wall_dodge/quadrotor_base.obj not found

ERROR: In /build/buildd/vtk-5.8.0/Filtering/vtkExecutive.cxx, line 756
vtkStreamingDemandDrivenPipeline (0x319b1c0): Algorithm vtkOBJReader(0x3127140) returned failure for request: vtkInformation (0x373bfe0)
  Debug: Off
  Modified Time: 54053
  Reference Count: 1
  Registered Events: (none)
  Request: REQUEST_DATA
  FORWARD_DIRECTION: 0
  FROM_OUTPUT_PORT: 0
  ALGORITHM_AFTER_FORWARD: 1



ERROR: In /build/buildd/vtk-5.8.0/Graphics/vtkTransformPolyDataFilter.cxx, line 84
vtkTransformPolyDataFilter (0x3127140): No input data

ERROR: In /build/buildd/vtk-5.8.0/Graphics/vtkTransformPolyDataFilter.cxx, line 84
vtkTransformPolyDataFilter (0x319a310): No input data

ERROR: In /build/buildd/vtk-5.8.0/IO/vtkOBJReader.cxx, line 126
vtkOBJReader (0x3192790): File /home/mav/Dropbox/MIT/classes/6.832/project/wall_dodge/quadrotor_base.obj not found

ERROR: In /build/buildd/vtk-5.8.0/Filtering/vtkExecutive.cxx, line 756
vtkStreamingDemandDrivenPipeline (0x31928a0): Algorithm vtkOBJReader(0x3192790) returned failure for request: vtkInformation (0x319ced0)
  Debug: Off
  Modified Time: 74594
  Reference Count: 1
  Registered Events: (none)
  Request: REQUEST_DATA
  FORWARD_DIRECTION: 0
  FROM_OUTPUT_PORT: 0
  ALGORITHM_AFTER_FORWARD: 1



ERROR: In /build/buildd/vtk-5.8.0/Graphics/vtkTransformPolyDataFilter.cxx, line 84
vtkTransformPolyDataFilter (0x3192790): No input data

ERROR: In /build/buildd/vtk-5.8.0/Graphics/vtkTransformPolyDataFilter.cxx, line 84
vtkTransformPolyDataFilter (0x3742470): No input data

ERROR: In /build/buildd/vtk-5.8.0/IO/vtkOBJReader.cxx, line 126
vtkOBJReader (0x304aa00): File /home/mav/Dropbox/MIT/classes/6.832/project/wall_dodge/quadrotor_base.obj not found

ERROR: In /build/buildd/vtk-5.8.0/Filtering/vtkExecutive.cxx, line 756
vtkStreamingDemandDrivenPipeline (0x316ced0): Algorithm vtkOBJReader(0x304aa00) returned failure for request: vtkInformation (0x316cfb0)
  Debug: Off
  Modified Time: 93540
  Reference Count: 1
  Registered Events: (none)
  Request: REQUEST_DATA
  FORWARD_DIRECTION: 0
  FROM_OUTPUT_PORT: 0
  ALGORITHM_AFTER_FORWARD: 1



ERROR: In /build/buildd/vtk-5.8.0/Graphics/vtkTransformPolyDataFilter.cxx, line 84
vtkTransformPolyDataFilter (0x304aa00): No input data

ERROR: In /build/buildd/vtk-5.8.0/Graphics/vtkTransformPolyDataFilter.cxx, line 84
vtkTransformPolyDataFilter (0x3876120): No input data

